<?xml version="1.0" encoding="UTF-8"?>
<testsuite xmlns:xsi="http://www.w3.org/2001/XMLSchema-instance" xsi:noNamespaceSchemaLocation="https://maven.apache.org/surefire/maven-surefire-plugin/xsd/surefire-test-report-3.0.xsd" version="3.0" name="sk.jakubgubany.lexer.MainTest" time="0.06" tests="1" errors="0" skipped="0" failures="0">
  <properties>
[...]
</properties>
  <testcase name="mainRunsWithoutErrors" classname="sk.jakubgubany.lexer.MainTest" time="0.05">
    <system-out><![CDATA[====================================================

Input:
int a = 5;

Tokens:
  KEYWORD "int" line 1, column 1
  IDENTIFIER "a" line 1, column 5
  ASSIGN "=" line 1, column 7
  INTEGER_LITERAL "5" line 1, column 9
  SEMICOLON ";" line 1, column 10

Errors:
  (none)

Trace (first 25 steps):
  TraceStep{index=0, line=1, column=1, char='i', lexeme='', message='Starting token recognition at this position'}
  TraceStep{index=0, line=1, column=1, char='i', lexeme='int', message='Candidate match: KEYWORD -> 'int''}
  TraceStep{index=0, line=1, column=1, char='i', lexeme='int', message='Candidate match: IDENTIFIER -> 'int''}
  TraceStep{index=0, line=1, column=1, char='i', lexeme='int', message='Final token selected: KEYWORD -> 'int''}
  TraceStep{index=3, line=1, column=4, char=' ', lexeme='', message='Starting token recognition at this position'}
  TraceStep{index=3, line=1, column=4, char=' ', lexeme=' ', message='Candidate match: WHITESPACE -> ' ''}
  TraceStep{index=3, line=1, column=4, char=' ', lexeme=' ', message='Skipping token: WHITESPACE'}
  TraceStep{index=4, line=1, column=5, char='a', lexeme='', message='Starting token recognition at this position'}
  TraceStep{index=4, line=1, column=5, char='a', lexeme='a', message='Candidate match: IDENTIFIER -> 'a''}
  TraceStep{index=4, line=1, column=5, char='a', lexeme='a', message='Final token selected: IDENTIFIER -> 'a''}
  TraceStep{index=5, line=1, column=6, char=' ', lexeme='', message='Starting token recognition at this position'}
  TraceStep{index=5, line=1, column=6, char=' ', lexeme=' ', message='Candidate match: WHITESPACE -> ' ''}
  TraceStep{index=5, line=1, column=6, char=' ', lexeme=' ', message='Skipping token: WHITESPACE'}
  TraceStep{index=6, line=1, column=7, char='=', lexeme='', message='Starting token recognition at this position'}
  TraceStep{index=6, line=1, column=7, char='=', lexeme='=', message='Candidate match: ASSIGN -> '=''}
  TraceStep{index=6, line=1, column=7, char='=', lexeme='=', message='Final token selected: ASSIGN -> '=''}
  TraceStep{index=7, line=1, column=8, char=' ', lexeme='', message='Starting token recognition at this position'}
  TraceStep{index=7, line=1, column=8, char=' ', lexeme=' ', message='Candidate match: WHITESPACE -> ' ''}
  TraceStep{index=7, line=1, column=8, char=' ', lexeme=' ', message='Skipping token: WHITESPACE'}
  TraceStep{index=8, line=1, column=9, char='5', lexeme='', message='Starting token recognition at this position'}
  TraceStep{index=8, line=1, column=9, char='5', lexeme='5', message='Candidate match: INTEGER_LITERAL -> '5''}
  TraceStep{index=8, line=1, column=9, char='5', lexeme='5', message='Final token selected: INTEGER_LITERAL -> '5''}
  TraceStep{index=9, line=1, column=10, char=';', lexeme='', message='Starting token recognition at this position'}
  TraceStep{index=9, line=1, column=10, char=';', lexeme=';', message='Candidate match: SEMICOLON -> ';''}
  TraceStep{index=9, line=1, column=10, char=';', lexeme=';', message='Final token selected: SEMICOLON -> ';''}
  ... (1 more steps)

Input:
double value = 12.5;

Tokens:
  KEYWORD "double" line 1, column 1
  IDENTIFIER "value" line 1, column 8
  ASSIGN "=" line 1, column 14
  DOUBLE_LITERAL "12.5" line 1, column 16
  SEMICOLON ";" line 1, column 20

Errors:
  (none)

Trace (first 25 steps):
  TraceStep{index=0, line=1, column=1, char='d', lexeme='', message='Starting token recognition at this position'}
  TraceStep{index=0, line=1, column=1, char='d', lexeme='double', message='Candidate match: KEYWORD -> 'double''}
  TraceStep{index=0, line=1, column=1, char='d', lexeme='double', message='Candidate match: IDENTIFIER -> 'double''}
  TraceStep{index=0, line=1, column=1, char='d', lexeme='double', message='Final token selected: KEYWORD -> 'double''}
  TraceStep{index=6, line=1, column=7, char=' ', lexeme='', message='Starting token recognition at this position'}
  TraceStep{index=6, line=1, column=7, char=' ', lexeme=' ', message='Candidate match: WHITESPACE -> ' ''}
  TraceStep{index=6, line=1, column=7, char=' ', lexeme=' ', message='Skipping token: WHITESPACE'}
  TraceStep{index=7, line=1, column=8, char='v', lexeme='', message='Starting token recognition at this position'}
  TraceStep{index=7, line=1, column=8, char='v', lexeme='value', message='Candidate match: IDENTIFIER -> 'value''}
  TraceStep{index=7, line=1, column=8, char='v', lexeme='value', message='Final token selected: IDENTIFIER -> 'value''}
  TraceStep{index=12, line=1, column=13, char=' ', lexeme='', message='Starting token recognition at this position'}
  TraceStep{index=12, line=1, column=13, char=' ', lexeme=' ', message='Candidate match: WHITESPACE -> ' ''}
  TraceStep{index=12, line=1, column=13, char=' ', lexeme=' ', message='Skipping token: WHITESPACE'}
  TraceStep{index=13, line=1, column=14, char='=', lexeme='', message='Starting token recognition at this position'}
  TraceStep{index=13, line=1, column=14, char='=', lexeme='=', message='Candidate match: ASSIGN -> '=''}
  TraceStep{index=13, line=1, column=14, char='=', lexeme='=', message='Final token selected: ASSIGN -> '=''}
  TraceStep{index=14, line=1, column=15, char=' ', lexeme='', message='Starting token recognition at this position'}
  TraceStep{index=14, line=1, column=15, char=' ', lexeme=' ', message='Candidate match: WHITESPACE -> ' ''}
  TraceStep{index=14, line=1, column=15, char=' ', lexeme=' ', message='Skipping token: WHITESPACE'}
  TraceStep{index=15, line=1, column=16, char='1', lexeme='', message='Starting token recognition at this position'}
  TraceStep{index=15, line=1, column=16, char='1', lexeme='12.5', message='Candidate match: DOUBLE_LITERAL -> '12.5''}
  TraceStep{index=15, line=1, column=16, char='1', lexeme='12', message='Candidate match: INTEGER_LITERAL -> '12''}
  TraceStep{index=15, line=1, column=16, char='1', lexeme='12.5', message='Final token selected: DOUBLE_LITERAL -> '12.5''}
  TraceStep{index=19, line=1, column=20, char=';', lexeme='', message='Starting token recognition at this position'}
  TraceStep{index=19, line=1, column=20, char=';', lexeme=';', message='Candidate match: SEMICOLON -> ';''}
  ... (2 more steps)

Input:
if (a <= 10) {
    return a;
}

Tokens:
  KEYWORD "if" line 1, column 1
  LEFT_PAREN "(" line 1, column 4
  IDENTIFIER "a" line 1, column 5
  LESS_OR_EQUAL "<=" line 1, column 7
  INTEGER_LITERAL "10" line 1, column 10
  RIGHT_PAREN ")" line 1, column 12
  LEFT_BRACE "{" line 1, column 14
  KEYWORD "return" line 2, column 5
  IDENTIFIER "a" line 2, column 12
  SEMICOLON ";" line 2, column 13
  RIGHT_BRACE "}" line 3, column 1

Errors:
  (none)

Trace (first 25 steps):
  TraceStep{index=0, line=1, column=1, char='i', lexeme='', message='Starting token recognition at this position'}
  TraceStep{index=0, line=1, column=1, char='i', lexeme='if', message='Candidate match: KEYWORD -> 'if''}
  TraceStep{index=0, line=1, column=1, char='i', lexeme='if', message='Candidate match: IDENTIFIER -> 'if''}
  TraceStep{index=0, line=1, column=1, char='i', lexeme='if', message='Final token selected: KEYWORD -> 'if''}
  TraceStep{index=2, line=1, column=3, char=' ', lexeme='', message='Starting token recognition at this position'}
  TraceStep{index=2, line=1, column=3, char=' ', lexeme=' ', message='Candidate match: WHITESPACE -> ' ''}
  TraceStep{index=2, line=1, column=3, char=' ', lexeme=' ', message='Skipping token: WHITESPACE'}
  TraceStep{index=3, line=1, column=4, char='(', lexeme='', message='Starting token recognition at this position'}
  TraceStep{index=3, line=1, column=4, char='(', lexeme='(', message='Candidate match: LEFT_PAREN -> '(''}
  TraceStep{index=3, line=1, column=4, char='(', lexeme='(', message='Final token selected: LEFT_PAREN -> '(''}
  TraceStep{index=4, line=1, column=5, char='a', lexeme='', message='Starting token recognition at this position'}
  TraceStep{index=4, line=1, column=5, char='a', lexeme='a', message='Candidate match: IDENTIFIER -> 'a''}
  TraceStep{index=4, line=1, column=5, char='a', lexeme='a', message='Final token selected: IDENTIFIER -> 'a''}
  TraceStep{index=5, line=1, column=6, char=' ', lexeme='', message='Starting token recognition at this position'}
  TraceStep{index=5, line=1, column=6, char=' ', lexeme=' ', message='Candidate match: WHITESPACE -> ' ''}
  TraceStep{index=5, line=1, column=6, char=' ', lexeme=' ', message='Skipping token: WHITESPACE'}
  TraceStep{index=6, line=1, column=7, char='<', lexeme='', message='Starting token recognition at this position'}
  TraceStep{index=6, line=1, column=7, char='<', lexeme='<=', message='Candidate match: LESS_OR_EQUAL -> '<=''}
  TraceStep{index=6, line=1, column=7, char='<', lexeme='<', message='Candidate match: LESS_THAN -> '<''}
  TraceStep{index=6, line=1, column=7, char='<', lexeme='<=', message='Final token selected: LESS_OR_EQUAL -> '<=''}
  TraceStep{index=8, line=1, column=9, char=' ', lexeme='', message='Starting token recognition at this position'}
  TraceStep{index=8, line=1, column=9, char=' ', lexeme=' ', message='Candidate match: WHITESPACE -> ' ''}
  TraceStep{index=8, line=1, column=9, char=' ', lexeme=' ', message='Skipping token: WHITESPACE'}
  TraceStep{index=9, line=1, column=10, char='1', lexeme='', message='Starting token recognition at this position'}
  TraceStep{index=9, line=1, column=10, char='1', lexeme='10', message='Candidate match: INTEGER_LITERAL -> '10''}
  ... (33 more steps)

Input:
int x = @;

Tokens:
  KEYWORD "int" line 1, column 1
  IDENTIFIER "x" line 1, column 5
  ASSIGN "=" line 1, column 7
  SEMICOLON ";" line 1, column 10

Errors:
  LexerError{message='Character '@' is not allowed by the language alphabet', line=1, column=9, fragment='@'}

Trace (first 25 steps):
  TraceStep{index=0, line=1, column=1, char='i', lexeme='', message='Starting token recognition at this position'}
  TraceStep{index=0, line=1, column=1, char='i', lexeme='int', message='Candidate match: KEYWORD -> 'int''}
  TraceStep{index=0, line=1, column=1, char='i', lexeme='int', message='Candidate match: IDENTIFIER -> 'int''}
  TraceStep{index=0, line=1, column=1, char='i', lexeme='int', message='Final token selected: KEYWORD -> 'int''}
  TraceStep{index=3, line=1, column=4, char=' ', lexeme='', message='Starting token recognition at this position'}
  TraceStep{index=3, line=1, column=4, char=' ', lexeme=' ', message='Candidate match: WHITESPACE -> ' ''}
  TraceStep{index=3, line=1, column=4, char=' ', lexeme=' ', message='Skipping token: WHITESPACE'}
  TraceStep{index=4, line=1, column=5, char='x', lexeme='', message='Starting token recognition at this position'}
  TraceStep{index=4, line=1, column=5, char='x', lexeme='x', message='Candidate match: IDENTIFIER -> 'x''}
  TraceStep{index=4, line=1, column=5, char='x', lexeme='x', message='Final token selected: IDENTIFIER -> 'x''}
  TraceStep{index=5, line=1, column=6, char=' ', lexeme='', message='Starting token recognition at this position'}
  TraceStep{index=5, line=1, column=6, char=' ', lexeme=' ', message='Candidate match: WHITESPACE -> ' ''}
  TraceStep{index=5, line=1, column=6, char=' ', lexeme=' ', message='Skipping token: WHITESPACE'}
  TraceStep{index=6, line=1, column=7, char='=', lexeme='', message='Starting token recognition at this position'}
  TraceStep{index=6, line=1, column=7, char='=', lexeme='=', message='Candidate match: ASSIGN -> '=''}
  TraceStep{index=6, line=1, column=7, char='=', lexeme='=', message='Final token selected: ASSIGN -> '=''}
  TraceStep{index=7, line=1, column=8, char=' ', lexeme='', message='Starting token recognition at this position'}
  TraceStep{index=7, line=1, column=8, char=' ', lexeme=' ', message='Candidate match: WHITESPACE -> ' ''}
  TraceStep{index=7, line=1, column=8, char=' ', lexeme=' ', message='Skipping token: WHITESPACE'}
  TraceStep{index=8, line=1, column=9, char='@', lexeme='', message='Starting token recognition at this position'}
  TraceStep{index=8, line=1, column=9, char='@', lexeme='@', message='Lexical error: Character '@' is not allowed by the language alphabet'}
  TraceStep{index=9, line=1, column=10, char=';', lexeme='', message='Starting token recognition at this position'}
  TraceStep{index=9, line=1, column=10, char=';', lexeme=';', message='Candidate match: SEMICOLON -> ';''}
  TraceStep{index=9, line=1, column=10, char=';', lexeme=';', message='Final token selected: SEMICOLON -> ';''}
  TraceStep{index=10, line=1, column=11, char=EOF, lexeme='', message='Reached end of input'}

]]></system-out>
  </testcase>
</testsuite>